五月 30, 2018 4:14:26 下午 org.apache.catalina.startup.VersionLoggerListener log
信息: Server version:        Apache Tomcat/7.0.85
五月 30, 2018 4:14:26 下午 org.apache.catalina.startup.VersionLoggerListener log
信息: Server built:          Feb 7 2018 18:52:33 UTC
五月 30, 2018 4:14:26 下午 org.apache.catalina.startup.VersionLoggerListener log
信息: Server number:         7.0.85.0
五月 30, 2018 4:14:26 下午 org.apache.catalina.startup.VersionLoggerListener log
信息: OS Name:               Linux
五月 30, 2018 4:14:26 下午 org.apache.catalina.startup.VersionLoggerListener log
信息: OS Version:            4.10.0-37-generic
五月 30, 2018 4:14:26 下午 org.apache.catalina.startup.VersionLoggerListener log
信息: Architecture:          amd64
五月 30, 2018 4:14:26 下午 org.apache.catalina.startup.VersionLoggerListener log
信息: Java Home:             /usr/lib/jvm/java-8-oracle/jre
五月 30, 2018 4:14:26 下午 org.apache.catalina.startup.VersionLoggerListener log
信息: JVM Version:           1.8.0_161-b12
五月 30, 2018 4:14:26 下午 org.apache.catalina.startup.VersionLoggerListener log
信息: JVM Vendor:            Oracle Corporation
五月 30, 2018 4:14:26 下午 org.apache.catalina.startup.VersionLoggerListener log
信息: CATALINA_BASE:         /home/gfzhujie/zhujie/dubble_project/apache-tomcat-7.0.85
五月 30, 2018 4:14:26 下午 org.apache.catalina.startup.VersionLoggerListener log
信息: CATALINA_HOME:         /home/gfzhujie/zhujie/dubble_project/apache-tomcat-7.0.85
五月 30, 2018 4:14:26 下午 org.apache.catalina.startup.VersionLoggerListener log
信息: Command line argument: -Djava.util.logging.config.file=/home/gfzhujie/zhujie/dubble_project/apache-tomcat-7.0.85/conf/logging.properties
五月 30, 2018 4:14:26 下午 org.apache.catalina.startup.VersionLoggerListener log
信息: Command line argument: -Djava.util.logging.manager=org.apache.juli.ClassLoaderLogManager
五月 30, 2018 4:14:26 下午 org.apache.catalina.startup.VersionLoggerListener log
信息: Command line argument: -Djdk.tls.ephemeralDHKeySize=2048
五月 30, 2018 4:14:26 下午 org.apache.catalina.startup.VersionLoggerListener log
信息: Command line argument: -Dignore.endorsed.dirs=
五月 30, 2018 4:14:26 下午 org.apache.catalina.startup.VersionLoggerListener log
信息: Command line argument: -Dcatalina.base=/home/gfzhujie/zhujie/dubble_project/apache-tomcat-7.0.85
五月 30, 2018 4:14:26 下午 org.apache.catalina.startup.VersionLoggerListener log
信息: Command line argument: -Dcatalina.home=/home/gfzhujie/zhujie/dubble_project/apache-tomcat-7.0.85
五月 30, 2018 4:14:26 下午 org.apache.catalina.startup.VersionLoggerListener log
信息: Command line argument: -Djava.io.tmpdir=/home/gfzhujie/zhujie/dubble_project/apache-tomcat-7.0.85/temp
五月 30, 2018 4:14:26 下午 org.apache.catalina.core.AprLifecycleListener lifecycleEvent
信息: The APR based Apache Tomcat Native library which allows optimal performance in production environments was not found on the java.library.path: /usr/java/packages/lib/amd64:/usr/lib64:/lib64:/lib:/usr/lib
五月 30, 2018 4:14:26 下午 org.apache.coyote.AbstractProtocol init
信息: Initializing ProtocolHandler ["http-bio-8080"]
五月 30, 2018 4:14:26 下午 org.apache.coyote.AbstractProtocol init
严重: Failed to initialize end point associated with ProtocolHandler ["http-bio-8080"]
java.net.SocketException: 地址已在使用 (Listen failed)
	at java.net.PlainSocketImpl.socketListen(Native Method)
	at java.net.AbstractPlainSocketImpl.listen(AbstractPlainSocketImpl.java:399)
	at java.net.ServerSocket.bind(ServerSocket.java:376)
	at java.net.ServerSocket.<init>(ServerSocket.java:237)
	at java.net.ServerSocket.<init>(ServerSocket.java:181)
	at org.apache.tomcat.util.net.DefaultServerSocketFactory.createSocket(DefaultServerSocketFactory.java:49)
	at org.apache.tomcat.util.net.JIoEndpoint.bind(JIoEndpoint.java:400)
	at org.apache.tomcat.util.net.AbstractEndpoint.init(AbstractEndpoint.java:728)
	at org.apache.coyote.AbstractProtocol.init(AbstractProtocol.java:452)
	at org.apache.coyote.http11.AbstractHttp11JsseProtocol.init(AbstractHttp11JsseProtocol.java:119)
	at org.apache.catalina.connector.Connector.initInternal(Connector.java:978)
	at org.apache.catalina.util.LifecycleBase.init(LifecycleBase.java:102)
	at org.apache.catalina.core.StandardService.initInternal(StandardService.java:560)
	at org.apache.catalina.util.LifecycleBase.init(LifecycleBase.java:102)
	at org.apache.catalina.core.StandardServer.initInternal(StandardServer.java:840)
	at org.apache.catalina.util.LifecycleBase.init(LifecycleBase.java:102)
	at org.apache.catalina.startup.Catalina.load(Catalina.java:654)
	at org.apache.catalina.startup.Catalina.load(Catalina.java:679)
	at sun.reflect.NativeMethodAccessorImpl.invoke0(Native Method)
	at sun.reflect.NativeMethodAccessorImpl.invoke(NativeMethodAccessorImpl.java:62)
	at sun.reflect.DelegatingMethodAccessorImpl.invoke(DelegatingMethodAccessorImpl.java:43)
	at java.lang.reflect.Method.invoke(Method.java:498)
	at org.apache.catalina.startup.Bootstrap.load(Bootstrap.java:253)
	at org.apache.catalina.startup.Bootstrap.main(Bootstrap.java:427)

五月 30, 2018 4:14:26 下午 org.apache.catalina.core.StandardService initInternal
严重: Failed to initialize connector [Connector[HTTP/1.1-8080]]
org.apache.catalina.LifecycleException: Failed to initialize component [Connector[HTTP/1.1-8080]]
	at org.apache.catalina.util.LifecycleBase.init(LifecycleBase.java:107)
	at org.apache.catalina.core.StandardService.initInternal(StandardService.java:560)
	at org.apache.catalina.util.LifecycleBase.init(LifecycleBase.java:102)
	at org.apache.catalina.core.StandardServer.initInternal(StandardServer.java:840)
	at org.apache.catalina.util.LifecycleBase.init(LifecycleBase.java:102)
	at org.apache.catalina.startup.Catalina.load(Catalina.java:654)
	at org.apache.catalina.startup.Catalina.load(Catalina.java:679)
	at sun.reflect.NativeMethodAccessorImpl.invoke0(Native Method)
	at sun.reflect.NativeMethodAccessorImpl.invoke(NativeMethodAccessorImpl.java:62)
	at sun.reflect.DelegatingMethodAccessorImpl.invoke(DelegatingMethodAccessorImpl.java:43)
	at java.lang.reflect.Method.invoke(Method.java:498)
	at org.apache.catalina.startup.Bootstrap.load(Bootstrap.java:253)
	at org.apache.catalina.startup.Bootstrap.main(Bootstrap.java:427)
Caused by: org.apache.catalina.LifecycleException: Protocol handler initialization failed
	at org.apache.catalina.connector.Connector.initInternal(Connector.java:980)
	at org.apache.catalina.util.LifecycleBase.init(LifecycleBase.java:102)
	... 12 more
Caused by: java.net.SocketException: 地址已在使用 (Listen failed)
	at java.net.PlainSocketImpl.socketListen(Native Method)
	at java.net.AbstractPlainSocketImpl.listen(AbstractPlainSocketImpl.java:399)
	at java.net.ServerSocket.bind(ServerSocket.java:376)
	at java.net.ServerSocket.<init>(ServerSocket.java:237)
	at java.net.ServerSocket.<init>(ServerSocket.java:181)
	at org.apache.tomcat.util.net.DefaultServerSocketFactory.createSocket(DefaultServerSocketFactory.java:49)
	at org.apache.tomcat.util.net.JIoEndpoint.bind(JIoEndpoint.java:400)
	at org.apache.tomcat.util.net.AbstractEndpoint.init(AbstractEndpoint.java:728)
	at org.apache.coyote.AbstractProtocol.init(AbstractProtocol.java:452)
	at org.apache.coyote.http11.AbstractHttp11JsseProtocol.init(AbstractHttp11JsseProtocol.java:119)
	at org.apache.catalina.connector.Connector.initInternal(Connector.java:978)
	... 13 more

五月 30, 2018 4:14:26 下午 org.apache.coyote.AbstractProtocol init
信息: Initializing ProtocolHandler ["ajp-bio-8009"]
五月 30, 2018 4:14:26 下午 org.apache.coyote.AbstractProtocol init
严重: Failed to initialize end point associated with ProtocolHandler ["ajp-bio-8009"]
java.net.BindException: 地址已在使用 (Bind failed) <null>:8009
	at org.apache.tomcat.util.net.JIoEndpoint.bind(JIoEndpoint.java:413)
	at org.apache.tomcat.util.net.AbstractEndpoint.init(AbstractEndpoint.java:728)
	at org.apache.coyote.AbstractProtocol.init(AbstractProtocol.java:452)
	at org.apache.catalina.connector.Connector.initInternal(Connector.java:978)
	at org.apache.catalina.util.LifecycleBase.init(LifecycleBase.java:102)
	at org.apache.catalina.core.StandardService.initInternal(StandardService.java:560)
	at org.apache.catalina.util.LifecycleBase.init(LifecycleBase.java:102)
	at org.apache.catalina.core.StandardServer.initInternal(StandardServer.java:840)
	at org.apache.catalina.util.LifecycleBase.init(LifecycleBase.java:102)
	at org.apache.catalina.startup.Catalina.load(Catalina.java:654)
	at org.apache.catalina.startup.Catalina.load(Catalina.java:679)
	at sun.reflect.NativeMethodAccessorImpl.invoke0(Native Method)
	at sun.reflect.NativeMethodAccessorImpl.invoke(NativeMethodAccessorImpl.java:62)
	at sun.reflect.DelegatingMethodAccessorImpl.invoke(DelegatingMethodAccessorImpl.java:43)
	at java.lang.reflect.Method.invoke(Method.java:498)
	at org.apache.catalina.startup.Bootstrap.load(Bootstrap.java:253)
	at org.apache.catalina.startup.Bootstrap.main(Bootstrap.java:427)
Caused by: java.net.BindException: 地址已在使用 (Bind failed)
	at java.net.PlainSocketImpl.socketBind(Native Method)
	at java.net.AbstractPlainSocketImpl.bind(AbstractPlainSocketImpl.java:387)
	at java.net.ServerSocket.bind(ServerSocket.java:375)
	at java.net.ServerSocket.<init>(ServerSocket.java:237)
	at java.net.ServerSocket.<init>(ServerSocket.java:181)
	at org.apache.tomcat.util.net.DefaultServerSocketFactory.createSocket(DefaultServerSocketFactory.java:49)
	at org.apache.tomcat.util.net.JIoEndpoint.bind(JIoEndpoint.java:400)
	... 16 more

五月 30, 2018 4:14:26 下午 org.apache.catalina.core.StandardService initInternal
严重: Failed to initialize connector [Connector[AJP/1.3-8009]]
org.apache.catalina.LifecycleException: Failed to initialize component [Connector[AJP/1.3-8009]]
	at org.apache.catalina.util.LifecycleBase.init(LifecycleBase.java:107)
	at org.apache.catalina.core.StandardService.initInternal(StandardService.java:560)
	at org.apache.catalina.util.LifecycleBase.init(LifecycleBase.java:102)
	at org.apache.catalina.core.StandardServer.initInternal(StandardServer.java:840)
	at org.apache.catalina.util.LifecycleBase.init(LifecycleBase.java:102)
	at org.apache.catalina.startup.Catalina.load(Catalina.java:654)
	at org.apache.catalina.startup.Catalina.load(Catalina.java:679)
	at sun.reflect.NativeMethodAccessorImpl.invoke0(Native Method)
	at sun.reflect.NativeMethodAccessorImpl.invoke(NativeMethodAccessorImpl.java:62)
	at sun.reflect.DelegatingMethodAccessorImpl.invoke(DelegatingMethodAccessorImpl.java:43)
	at java.lang.reflect.Method.invoke(Method.java:498)
	at org.apache.catalina.startup.Bootstrap.load(Bootstrap.java:253)
	at org.apache.catalina.startup.Bootstrap.main(Bootstrap.java:427)
Caused by: org.apache.catalina.LifecycleException: Protocol handler initialization failed
	at org.apache.catalina.connector.Connector.initInternal(Connector.java:980)
	at org.apache.catalina.util.LifecycleBase.init(LifecycleBase.java:102)
	... 12 more
Caused by: java.net.BindException: 地址已在使用 (Bind failed) <null>:8009
	at org.apache.tomcat.util.net.JIoEndpoint.bind(JIoEndpoint.java:413)
	at org.apache.tomcat.util.net.AbstractEndpoint.init(AbstractEndpoint.java:728)
	at org.apache.coyote.AbstractProtocol.init(AbstractProtocol.java:452)
	at org.apache.catalina.connector.Connector.initInternal(Connector.java:978)
	... 13 more
Caused by: java.net.BindException: 地址已在使用 (Bind failed)
	at java.net.PlainSocketImpl.socketBind(Native Method)
	at java.net.AbstractPlainSocketImpl.bind(AbstractPlainSocketImpl.java:387)
	at java.net.ServerSocket.bind(ServerSocket.java:375)
	at java.net.ServerSocket.<init>(ServerSocket.java:237)
	at java.net.ServerSocket.<init>(ServerSocket.java:181)
	at org.apache.tomcat.util.net.DefaultServerSocketFactory.createSocket(DefaultServerSocketFactory.java:49)
	at org.apache.tomcat.util.net.JIoEndpoint.bind(JIoEndpoint.java:400)
	... 16 more

五月 30, 2018 4:14:26 下午 org.apache.catalina.startup.Catalina load
信息: Initialization processed in 659 ms
五月 30, 2018 4:14:26 下午 org.apache.catalina.core.StandardService startInternal
信息: Starting service Catalina
五月 30, 2018 4:14:26 下午 org.apache.catalina.core.StandardEngine startInternal
信息: Starting Servlet Engine: Apache Tomcat/7.0.85
五月 30, 2018 4:14:26 下午 org.apache.catalina.startup.HostConfig deployDirectory
信息: Deploying web application directory /home/zhujie/dubble_project/apache-tomcat-7.0.85/webapps/docs
五月 30, 2018 4:14:26 下午 org.apache.catalina.startup.HostConfig deployDirectory
信息: Deployment of web application directory /home/zhujie/dubble_project/apache-tomcat-7.0.85/webapps/docs has finished in 297 ms
五月 30, 2018 4:14:26 下午 org.apache.catalina.startup.HostConfig deployDirectory
信息: Deploying web application directory /home/zhujie/dubble_project/apache-tomcat-7.0.85/webapps/host-manager
五月 30, 2018 4:14:26 下午 org.apache.catalina.startup.HostConfig deployDirectory
信息: Deployment of web application directory /home/zhujie/dubble_project/apache-tomcat-7.0.85/webapps/host-manager has finished in 159 ms
五月 30, 2018 4:14:26 下午 org.apache.catalina.startup.HostConfig deployDirectory
信息: Deploying web application directory /home/zhujie/dubble_project/apache-tomcat-7.0.85/webapps/examples
五月 30, 2018 4:14:27 下午 org.apache.catalina.startup.HostConfig deployDirectory
信息: Deployment of web application directory /home/zhujie/dubble_project/apache-tomcat-7.0.85/webapps/examples has finished in 246 ms
五月 30, 2018 4:14:27 下午 org.apache.catalina.startup.HostConfig deployDirectory
信息: Deploying web application directory /home/zhujie/dubble_project/apache-tomcat-7.0.85/webapps/ROOT
五月 30, 2018 4:14:29 下午 org.apache.catalina.startup.TldConfig execute
信息: At least one JAR was scanned for TLDs yet contained no TLDs. Enable debug logging for this logger for a complete list of JARs that were scanned but no TLDs were found in them. Skipping unneeded JARs during scanning can improve startup time and JSP compilation time.
五月 30, 2018 4:14:37 下午 org.apache.catalina.startup.VersionLoggerListener log
信息: Server version:        Apache Tomcat/7.0.85
五月 30, 2018 4:14:37 下午 org.apache.catalina.startup.VersionLoggerListener log
信息: Server built:          Feb 7 2018 18:52:33 UTC
五月 30, 2018 4:14:37 下午 org.apache.catalina.startup.VersionLoggerListener log
信息: Server number:         7.0.85.0
五月 30, 2018 4:14:37 下午 org.apache.catalina.startup.VersionLoggerListener log
信息: OS Name:               Linux
五月 30, 2018 4:14:37 下午 org.apache.catalina.startup.VersionLoggerListener log
信息: OS Version:            4.10.0-37-generic
五月 30, 2018 4:14:37 下午 org.apache.catalina.startup.VersionLoggerListener log
信息: Architecture:          amd64
五月 30, 2018 4:14:37 下午 org.apache.catalina.startup.VersionLoggerListener log
信息: Java Home:             /usr/lib/jvm/java-8-oracle/jre
五月 30, 2018 4:14:37 下午 org.apache.catalina.startup.VersionLoggerListener log
信息: JVM Version:           1.8.0_161-b12
五月 30, 2018 4:14:37 下午 org.apache.catalina.startup.VersionLoggerListener log
信息: JVM Vendor:            Oracle Corporation
五月 30, 2018 4:14:37 下午 org.apache.catalina.startup.VersionLoggerListener log
信息: CATALINA_BASE:         /home/gfzhujie/zhujie/dubble_project/apache-tomcat-7.0.85
五月 30, 2018 4:14:37 下午 org.apache.catalina.startup.VersionLoggerListener log
信息: CATALINA_HOME:         /home/gfzhujie/zhujie/dubble_project/apache-tomcat-7.0.85
五月 30, 2018 4:14:37 下午 org.apache.catalina.startup.VersionLoggerListener log
信息: Command line argument: -Djava.util.logging.config.file=/home/gfzhujie/zhujie/dubble_project/apache-tomcat-7.0.85/conf/logging.properties
五月 30, 2018 4:14:37 下午 org.apache.catalina.startup.VersionLoggerListener log
信息: Command line argument: -Djava.util.logging.manager=org.apache.juli.ClassLoaderLogManager
五月 30, 2018 4:14:37 下午 org.apache.catalina.startup.VersionLoggerListener log
信息: Command line argument: -Djdk.tls.ephemeralDHKeySize=2048
五月 30, 2018 4:14:37 下午 org.apache.catalina.startup.VersionLoggerListener log
信息: Command line argument: -Dignore.endorsed.dirs=
五月 30, 2018 4:14:37 下午 org.apache.catalina.startup.VersionLoggerListener log
信息: Command line argument: -Dcatalina.base=/home/gfzhujie/zhujie/dubble_project/apache-tomcat-7.0.85
五月 30, 2018 4:14:37 下午 org.apache.catalina.startup.VersionLoggerListener log
信息: Command line argument: -Dcatalina.home=/home/gfzhujie/zhujie/dubble_project/apache-tomcat-7.0.85
五月 30, 2018 4:14:37 下午 org.apache.catalina.startup.VersionLoggerListener log
信息: Command line argument: -Djava.io.tmpdir=/home/gfzhujie/zhujie/dubble_project/apache-tomcat-7.0.85/temp
五月 30, 2018 4:14:37 下午 org.apache.catalina.core.AprLifecycleListener lifecycleEvent
信息: The APR based Apache Tomcat Native library which allows optimal performance in production environments was not found on the java.library.path: /usr/java/packages/lib/amd64:/usr/lib64:/lib64:/lib:/usr/lib
五月 30, 2018 4:14:37 下午 org.apache.coyote.AbstractProtocol init
信息: Initializing ProtocolHandler ["http-bio-8080"]
五月 30, 2018 4:14:37 下午 org.apache.coyote.AbstractProtocol init
严重: Failed to initialize end point associated with ProtocolHandler ["http-bio-8080"]
java.net.SocketException: 地址已在使用 (Listen failed)
	at java.net.PlainSocketImpl.socketListen(Native Method)
	at java.net.AbstractPlainSocketImpl.listen(AbstractPlainSocketImpl.java:399)
	at java.net.ServerSocket.bind(ServerSocket.java:376)
	at java.net.ServerSocket.<init>(ServerSocket.java:237)
	at java.net.ServerSocket.<init>(ServerSocket.java:181)
	at org.apache.tomcat.util.net.DefaultServerSocketFactory.createSocket(DefaultServerSocketFactory.java:49)
	at org.apache.tomcat.util.net.JIoEndpoint.bind(JIoEndpoint.java:400)
	at org.apache.tomcat.util.net.AbstractEndpoint.init(AbstractEndpoint.java:728)
	at org.apache.coyote.AbstractProtocol.init(AbstractProtocol.java:452)
	at org.apache.coyote.http11.AbstractHttp11JsseProtocol.init(AbstractHttp11JsseProtocol.java:119)
	at org.apache.catalina.connector.Connector.initInternal(Connector.java:978)
	at org.apache.catalina.util.LifecycleBase.init(LifecycleBase.java:102)
	at org.apache.catalina.core.StandardService.initInternal(StandardService.java:560)
	at org.apache.catalina.util.LifecycleBase.init(LifecycleBase.java:102)
	at org.apache.catalina.core.StandardServer.initInternal(StandardServer.java:840)
	at org.apache.catalina.util.LifecycleBase.init(LifecycleBase.java:102)
	at org.apache.catalina.startup.Catalina.load(Catalina.java:654)
	at org.apache.catalina.startup.Catalina.load(Catalina.java:679)
	at sun.reflect.NativeMethodAccessorImpl.invoke0(Native Method)
	at sun.reflect.NativeMethodAccessorImpl.invoke(NativeMethodAccessorImpl.java:62)
	at sun.reflect.DelegatingMethodAccessorImpl.invoke(DelegatingMethodAccessorImpl.java:43)
	at java.lang.reflect.Method.invoke(Method.java:498)
	at org.apache.catalina.startup.Bootstrap.load(Bootstrap.java:253)
	at org.apache.catalina.startup.Bootstrap.main(Bootstrap.java:427)

五月 30, 2018 4:14:37 下午 org.apache.catalina.core.StandardService initInternal
严重: Failed to initialize connector [Connector[HTTP/1.1-8080]]
org.apache.catalina.LifecycleException: Failed to initialize component [Connector[HTTP/1.1-8080]]
	at org.apache.catalina.util.LifecycleBase.init(LifecycleBase.java:107)
	at org.apache.catalina.core.StandardService.initInternal(StandardService.java:560)
	at org.apache.catalina.util.LifecycleBase.init(LifecycleBase.java:102)
	at org.apache.catalina.core.StandardServer.initInternal(StandardServer.java:840)
	at org.apache.catalina.util.LifecycleBase.init(LifecycleBase.java:102)
	at org.apache.catalina.startup.Catalina.load(Catalina.java:654)
	at org.apache.catalina.startup.Catalina.load(Catalina.java:679)
	at sun.reflect.NativeMethodAccessorImpl.invoke0(Native Method)
	at sun.reflect.NativeMethodAccessorImpl.invoke(NativeMethodAccessorImpl.java:62)
	at sun.reflect.DelegatingMethodAccessorImpl.invoke(DelegatingMethodAccessorImpl.java:43)
	at java.lang.reflect.Method.invoke(Method.java:498)
	at org.apache.catalina.startup.Bootstrap.load(Bootstrap.java:253)
	at org.apache.catalina.startup.Bootstrap.main(Bootstrap.java:427)
Caused by: org.apache.catalina.LifecycleException: Protocol handler initialization failed
	at org.apache.catalina.connector.Connector.initInternal(Connector.java:980)
	at org.apache.catalina.util.LifecycleBase.init(LifecycleBase.java:102)
	... 12 more
Caused by: java.net.SocketException: 地址已在使用 (Listen failed)
	at java.net.PlainSocketImpl.socketListen(Native Method)
	at java.net.AbstractPlainSocketImpl.listen(AbstractPlainSocketImpl.java:399)
	at java.net.ServerSocket.bind(ServerSocket.java:376)
	at java.net.ServerSocket.<init>(ServerSocket.java:237)
	at java.net.ServerSocket.<init>(ServerSocket.java:181)
	at org.apache.tomcat.util.net.DefaultServerSocketFactory.createSocket(DefaultServerSocketFactory.java:49)
	at org.apache.tomcat.util.net.JIoEndpoint.bind(JIoEndpoint.java:400)
	at org.apache.tomcat.util.net.AbstractEndpoint.init(AbstractEndpoint.java:728)
	at org.apache.coyote.AbstractProtocol.init(AbstractProtocol.java:452)
	at org.apache.coyote.http11.AbstractHttp11JsseProtocol.init(AbstractHttp11JsseProtocol.java:119)
	at org.apache.catalina.connector.Connector.initInternal(Connector.java:978)
	... 13 more

五月 30, 2018 4:14:37 下午 org.apache.coyote.AbstractProtocol init
信息: Initializing ProtocolHandler ["ajp-bio-8009"]
五月 30, 2018 4:14:37 下午 org.apache.catalina.startup.Catalina load
信息: Initialization processed in 1367 ms
五月 30, 2018 4:14:37 下午 org.apache.catalina.core.StandardService startInternal
信息: Starting service Catalina
五月 30, 2018 4:14:37 下午 org.apache.catalina.core.StandardEngine startInternal
信息: Starting Servlet Engine: Apache Tomcat/7.0.85
五月 30, 2018 4:14:37 下午 org.apache.catalina.startup.HostConfig deployDirectory
信息: Deploying web application directory /home/zhujie/dubble_project/apache-tomcat-7.0.85/webapps/docs
五月 30, 2018 4:14:38 下午 org.apache.catalina.startup.HostConfig deployDirectory
信息: Deployment of web application directory /home/zhujie/dubble_project/apache-tomcat-7.0.85/webapps/docs has finished in 549 ms
五月 30, 2018 4:14:38 下午 org.apache.catalina.startup.HostConfig deployDirectory
信息: Deploying web application directory /home/zhujie/dubble_project/apache-tomcat-7.0.85/webapps/host-manager
五月 30, 2018 4:14:38 下午 org.apache.catalina.startup.HostConfig deployDirectory
信息: Deployment of web application directory /home/zhujie/dubble_project/apache-tomcat-7.0.85/webapps/host-manager has finished in 397 ms
五月 30, 2018 4:14:38 下午 org.apache.catalina.startup.HostConfig deployDirectory
信息: Deploying web application directory /home/zhujie/dubble_project/apache-tomcat-7.0.85/webapps/examples
五月 30, 2018 4:14:39 下午 org.apache.catalina.startup.HostConfig deployDirectory
信息: Deployment of web application directory /home/zhujie/dubble_project/apache-tomcat-7.0.85/webapps/examples has finished in 469 ms
五月 30, 2018 4:14:39 下午 org.apache.catalina.startup.HostConfig deployDirectory
信息: Deploying web application directory /home/zhujie/dubble_project/apache-tomcat-7.0.85/webapps/ROOT
五月 30, 2018 4:14:41 下午 org.apache.catalina.startup.HostConfig deployDirectory
信息: Deployment of web application directory /home/zhujie/dubble_project/apache-tomcat-7.0.85/webapps/ROOT has finished in 13,928 ms
五月 30, 2018 4:14:41 下午 org.apache.catalina.startup.HostConfig deployDirectory
信息: Deploying web application directory /home/zhujie/dubble_project/apache-tomcat-7.0.85/webapps/manager
五月 30, 2018 4:14:41 下午 org.apache.catalina.startup.HostConfig deployDirectory
信息: Deployment of web application directory /home/zhujie/dubble_project/apache-tomcat-7.0.85/webapps/manager has finished in 100 ms
五月 30, 2018 4:14:41 下午 org.apache.catalina.startup.Catalina start
信息: Server startup in 14804 ms
五月 30, 2018 4:14:42 下午 org.apache.catalina.startup.TldConfig execute
信息: At least one JAR was scanned for TLDs yet contained no TLDs. Enable debug logging for this logger for a complete list of JARs that were scanned but no TLDs were found in them. Skipping unneeded JARs during scanning can improve startup time and JSP compilation time.
五月 30, 2018 4:14:51 下午 org.apache.catalina.startup.HostConfig deployDirectory
信息: Deployment of web application directory /home/zhujie/dubble_project/apache-tomcat-7.0.85/webapps/ROOT has finished in 12,261 ms
五月 30, 2018 4:14:51 下午 org.apache.catalina.startup.HostConfig deployDirectory
信息: Deploying web application directory /home/zhujie/dubble_project/apache-tomcat-7.0.85/webapps/manager
五月 30, 2018 4:14:51 下午 org.apache.catalina.startup.HostConfig deployDirectory
信息: Deployment of web application directory /home/zhujie/dubble_project/apache-tomcat-7.0.85/webapps/manager has finished in 46 ms
五月 30, 2018 4:14:51 下午 org.apache.coyote.AbstractProtocol start
信息: Starting ProtocolHandler ["ajp-bio-8009"]
五月 30, 2018 4:14:51 下午 org.apache.catalina.startup.Catalina start
信息: Server startup in 13929 ms
五月 30, 2018 4:14:51 下午 org.apache.catalina.core.StandardServer await
严重: StandardServer.await: create[localhost:8005]: 
java.net.BindException: 地址已在使用 (Bind failed)
	at java.net.PlainSocketImpl.socketBind(Native Method)
	at java.net.AbstractPlainSocketImpl.bind(AbstractPlainSocketImpl.java:387)
	at java.net.ServerSocket.bind(ServerSocket.java:375)
	at java.net.ServerSocket.<init>(ServerSocket.java:237)
	at org.apache.catalina.core.StandardServer.await(StandardServer.java:444)
	at org.apache.catalina.startup.Catalina.await(Catalina.java:793)
	at org.apache.catalina.startup.Catalina.start(Catalina.java:739)
	at sun.reflect.NativeMethodAccessorImpl.invoke0(Native Method)
	at sun.reflect.NativeMethodAccessorImpl.invoke(NativeMethodAccessorImpl.java:62)
	at sun.reflect.DelegatingMethodAccessorImpl.invoke(DelegatingMethodAccessorImpl.java:43)
	at java.lang.reflect.Method.invoke(Method.java:498)
	at org.apache.catalina.startup.Bootstrap.start(Bootstrap.java:294)
	at org.apache.catalina.startup.Bootstrap.main(Bootstrap.java:428)

五月 30, 2018 4:14:51 下午 org.apache.coyote.AbstractProtocol pause
信息: Pausing ProtocolHandler ["http-bio-8080"]
五月 30, 2018 4:14:51 下午 org.apache.coyote.AbstractProtocol pause
信息: Pausing ProtocolHandler ["ajp-bio-8009"]
五月 30, 2018 4:14:51 下午 org.apache.catalina.core.StandardService stopInternal
信息: Stopping service Catalina
五月 30, 2018 4:14:51 下午 org.apache.catalina.loader.WebappClassLoaderBase clearReferencesThreads
严重: The web application [] appears to have started a thread named [DubboRegistryFailedRetryTimer-thread-1] but has failed to stop it. This is very likely to create a memory leak.
五月 30, 2018 4:14:51 下午 org.apache.catalina.loader.WebappClassLoaderBase clearReferencesThreads
严重: The web application [] appears to have started a thread named [Curator-ConnectionStateManager-0] but has failed to stop it. This is very likely to create a memory leak.
五月 30, 2018 4:14:51 下午 org.apache.catalina.loader.WebappClassLoaderBase clearReferencesThreads
严重: The web application [] appears to have started a thread named [localhost-startStop-1-SendThread(127.0.0.1:2181)] but has failed to stop it. This is very likely to create a memory leak.
五月 30, 2018 4:14:51 下午 org.apache.catalina.loader.WebappClassLoaderBase clearReferencesThreads
严重: The web application [] appears to have started a thread named [localhost-startStop-1-EventThread] but has failed to stop it. This is very likely to create a memory leak.
五月 30, 2018 4:14:51 下午 org.apache.catalina.loader.WebappClassLoaderBase clearReferencesThreads
严重: The web application [] appears to have started a thread named [Curator-Framework-0] but has failed to stop it. This is very likely to create a memory leak.
五月 30, 2018 4:14:51 下午 org.apache.coyote.AbstractProtocol stop
信息: Stopping ProtocolHandler ["ajp-bio-8009"]
五月 30, 2018 4:14:51 下午 org.apache.coyote.AbstractProtocol stop
信息: Stopping ProtocolHandler ["http-bio-8080"]
五月 30, 2018 4:14:51 下午 org.apache.coyote.AbstractProtocol destroy
信息: Destroying ProtocolHandler ["http-bio-8080"]
五月 30, 2018 4:14:51 下午 org.apache.coyote.AbstractProtocol destroy
信息: Destroying ProtocolHandler ["ajp-bio-8009"]
五月 30, 2018 4:36:31 下午 org.apache.catalina.startup.HostConfig deployWAR
信息: Deploying web application archive /home/zhujie/dubble_project/apache-tomcat-7.0.85/webapps/dubbo-admin-2.0.0.war
五月 30, 2018 4:36:33 下午 org.apache.catalina.startup.TldConfig execute
信息: At least one JAR was scanned for TLDs yet contained no TLDs. Enable debug logging for this logger for a complete list of JARs that were scanned but no TLDs were found in them. Skipping unneeded JARs during scanning can improve startup time and JSP compilation time.
五月 30, 2018 4:36:36 下午 org.apache.catalina.startup.VersionLoggerListener log
信息: Server version:        Apache Tomcat/7.0.85
五月 30, 2018 4:36:36 下午 org.apache.catalina.startup.VersionLoggerListener log
信息: Server built:          Feb 7 2018 18:52:33 UTC
五月 30, 2018 4:36:36 下午 org.apache.catalina.startup.VersionLoggerListener log
信息: Server number:         7.0.85.0
五月 30, 2018 4:36:36 下午 org.apache.catalina.startup.VersionLoggerListener log
信息: OS Name:               Linux
五月 30, 2018 4:36:36 下午 org.apache.catalina.startup.VersionLoggerListener log
信息: OS Version:            4.10.0-37-generic
五月 30, 2018 4:36:36 下午 org.apache.catalina.startup.VersionLoggerListener log
信息: Architecture:          amd64
五月 30, 2018 4:36:36 下午 org.apache.catalina.startup.VersionLoggerListener log
信息: Java Home:             /usr/lib/jvm/java-8-oracle/jre
五月 30, 2018 4:36:36 下午 org.apache.catalina.startup.VersionLoggerListener log
信息: JVM Version:           1.8.0_161-b12
五月 30, 2018 4:36:36 下午 org.apache.catalina.startup.VersionLoggerListener log
信息: JVM Vendor:            Oracle Corporation
五月 30, 2018 4:36:36 下午 org.apache.catalina.startup.VersionLoggerListener log
信息: CATALINA_BASE:         /home/gfzhujie/zhujie/dubble_project/apache-tomcat-7.0.85
五月 30, 2018 4:36:36 下午 org.apache.catalina.startup.VersionLoggerListener log
信息: CATALINA_HOME:         /home/gfzhujie/zhujie/dubble_project/apache-tomcat-7.0.85
五月 30, 2018 4:36:36 下午 org.apache.catalina.startup.VersionLoggerListener log
信息: Command line argument: -Djava.util.logging.config.file=/home/gfzhujie/zhujie/dubble_project/apache-tomcat-7.0.85/conf/logging.properties
五月 30, 2018 4:36:36 下午 org.apache.catalina.startup.VersionLoggerListener log
信息: Command line argument: -Djava.util.logging.manager=org.apache.juli.ClassLoaderLogManager
五月 30, 2018 4:36:36 下午 org.apache.catalina.startup.VersionLoggerListener log
信息: Command line argument: -Djdk.tls.ephemeralDHKeySize=2048
五月 30, 2018 4:36:36 下午 org.apache.catalina.startup.VersionLoggerListener log
信息: Command line argument: -Dignore.endorsed.dirs=
五月 30, 2018 4:36:36 下午 org.apache.catalina.startup.VersionLoggerListener log
信息: Command line argument: -Dcatalina.base=/home/gfzhujie/zhujie/dubble_project/apache-tomcat-7.0.85
五月 30, 2018 4:36:36 下午 org.apache.catalina.startup.VersionLoggerListener log
信息: Command line argument: -Dcatalina.home=/home/gfzhujie/zhujie/dubble_project/apache-tomcat-7.0.85
五月 30, 2018 4:36:36 下午 org.apache.catalina.startup.VersionLoggerListener log
信息: Command line argument: -Djava.io.tmpdir=/home/gfzhujie/zhujie/dubble_project/apache-tomcat-7.0.85/temp
五月 30, 2018 4:36:36 下午 org.apache.catalina.core.AprLifecycleListener lifecycleEvent
信息: The APR based Apache Tomcat Native library which allows optimal performance in production environments was not found on the java.library.path: /usr/java/packages/lib/amd64:/usr/lib64:/lib64:/lib:/usr/lib
五月 30, 2018 4:36:36 下午 org.apache.coyote.AbstractProtocol init
信息: Initializing ProtocolHandler ["http-bio-8090"]
五月 30, 2018 4:36:36 下午 org.apache.coyote.AbstractProtocol init
信息: Initializing ProtocolHandler ["ajp-bio-8009"]
五月 30, 2018 4:36:36 下午 org.apache.catalina.startup.Catalina load
信息: Initialization processed in 1451 ms
五月 30, 2018 4:36:36 下午 org.apache.catalina.core.StandardService startInternal
信息: Starting service Catalina
五月 30, 2018 4:36:36 下午 org.apache.catalina.core.StandardEngine startInternal
信息: Starting Servlet Engine: Apache Tomcat/7.0.85
五月 30, 2018 4:36:36 下午 org.apache.catalina.startup.HostConfig deployWAR
信息: Deploying web application archive /home/zhujie/dubble_project/apache-tomcat-7.0.85/webapps/dubbo-admin-2.0.0.war
五月 30, 2018 4:36:40 下午 org.apache.catalina.startup.TldConfig execute
信息: At least one JAR was scanned for TLDs yet contained no TLDs. Enable debug logging for this logger for a complete list of JARs that were scanned but no TLDs were found in them. Skipping unneeded JARs during scanning can improve startup time and JSP compilation time.
五月 30, 2018 4:36:46 下午 org.apache.catalina.startup.HostConfig deployWAR
信息: Deployment of web application archive /home/zhujie/dubble_project/apache-tomcat-7.0.85/webapps/dubbo-admin-2.0.0.war has finished in 14,985 ms
五月 30, 2018 4:36:52 下午 org.apache.catalina.startup.HostConfig deployWAR
信息: Deployment of web application archive /home/zhujie/dubble_project/apache-tomcat-7.0.85/webapps/dubbo-admin-2.0.0.war has finished in 16,142 ms
五月 30, 2018 4:36:52 下午 org.apache.catalina.startup.HostConfig deployDirectory
信息: Deploying web application directory /home/zhujie/dubble_project/apache-tomcat-7.0.85/webapps/docs
五月 30, 2018 4:36:52 下午 org.apache.catalina.startup.HostConfig deployDirectory
信息: Deployment of web application directory /home/zhujie/dubble_project/apache-tomcat-7.0.85/webapps/docs has finished in 36 ms
五月 30, 2018 4:36:52 下午 org.apache.catalina.startup.HostConfig deployDirectory
信息: Deploying web application directory /home/zhujie/dubble_project/apache-tomcat-7.0.85/webapps/host-manager
五月 30, 2018 4:36:53 下午 org.apache.catalina.startup.HostConfig deployDirectory
信息: Deployment of web application directory /home/zhujie/dubble_project/apache-tomcat-7.0.85/webapps/host-manager has finished in 133 ms
五月 30, 2018 4:36:53 下午 org.apache.catalina.startup.HostConfig deployDirectory
信息: Deploying web application directory /home/zhujie/dubble_project/apache-tomcat-7.0.85/webapps/examples
五月 30, 2018 4:36:53 下午 org.apache.catalina.startup.HostConfig deployDirectory
信息: Deployment of web application directory /home/zhujie/dubble_project/apache-tomcat-7.0.85/webapps/examples has finished in 366 ms
五月 30, 2018 4:36:53 下午 org.apache.catalina.startup.HostConfig deployDirectory
信息: Deploying web application directory /home/zhujie/dubble_project/apache-tomcat-7.0.85/webapps/ROOT
五月 30, 2018 4:36:56 下午 org.apache.catalina.startup.TldConfig execute
信息: At least one JAR was scanned for TLDs yet contained no TLDs. Enable debug logging for this logger for a complete list of JARs that were scanned but no TLDs were found in them. Skipping unneeded JARs during scanning can improve startup time and JSP compilation time.
五月 30, 2018 4:37:04 下午 org.apache.catalina.startup.HostConfig deployDirectory
信息: Deployment of web application directory /home/zhujie/dubble_project/apache-tomcat-7.0.85/webapps/ROOT has finished in 10,602 ms
五月 30, 2018 4:37:04 下午 org.apache.catalina.startup.HostConfig deployDirectory
信息: Deploying web application directory /home/zhujie/dubble_project/apache-tomcat-7.0.85/webapps/manager
五月 30, 2018 4:37:04 下午 org.apache.catalina.startup.HostConfig deployDirectory
信息: Deployment of web application directory /home/zhujie/dubble_project/apache-tomcat-7.0.85/webapps/manager has finished in 31 ms
五月 30, 2018 4:37:04 下午 org.apache.coyote.AbstractProtocol start
信息: Starting ProtocolHandler ["http-bio-8090"]
五月 30, 2018 4:37:04 下午 org.apache.coyote.AbstractProtocol start
信息: Starting ProtocolHandler ["ajp-bio-8009"]
五月 30, 2018 4:37:04 下午 org.apache.catalina.startup.Catalina start
信息: Server startup in 27477 ms
五月 30, 2018 4:37:04 下午 org.apache.catalina.core.StandardServer await
严重: StandardServer.await: create[localhost:8005]: 
java.net.BindException: 地址已在使用 (Bind failed)
	at java.net.PlainSocketImpl.socketBind(Native Method)
	at java.net.AbstractPlainSocketImpl.bind(AbstractPlainSocketImpl.java:387)
	at java.net.ServerSocket.bind(ServerSocket.java:375)
	at java.net.ServerSocket.<init>(ServerSocket.java:237)
	at org.apache.catalina.core.StandardServer.await(StandardServer.java:444)
	at org.apache.catalina.startup.Catalina.await(Catalina.java:793)
	at org.apache.catalina.startup.Catalina.start(Catalina.java:739)
	at sun.reflect.NativeMethodAccessorImpl.invoke0(Native Method)
	at sun.reflect.NativeMethodAccessorImpl.invoke(NativeMethodAccessorImpl.java:62)
	at sun.reflect.DelegatingMethodAccessorImpl.invoke(DelegatingMethodAccessorImpl.java:43)
	at java.lang.reflect.Method.invoke(Method.java:498)
	at org.apache.catalina.startup.Bootstrap.start(Bootstrap.java:294)
	at org.apache.catalina.startup.Bootstrap.main(Bootstrap.java:428)

五月 30, 2018 4:37:04 下午 org.apache.coyote.AbstractProtocol pause
信息: Pausing ProtocolHandler ["http-bio-8090"]
五月 30, 2018 4:37:04 下午 org.apache.coyote.AbstractProtocol pause
信息: Pausing ProtocolHandler ["ajp-bio-8009"]
五月 30, 2018 4:37:04 下午 org.apache.catalina.core.StandardService stopInternal
信息: Stopping service Catalina
五月 30, 2018 4:37:04 下午 org.apache.catalina.loader.WebappClassLoaderBase clearReferencesThreads
严重: The web application [] appears to have started a thread named [DubboRegistryFailedRetryTimer-thread-1] but has failed to stop it. This is very likely to create a memory leak.
五月 30, 2018 4:37:04 下午 org.apache.catalina.loader.WebappClassLoaderBase clearReferencesThreads
严重: The web application [] appears to have started a thread named [Curator-ConnectionStateManager-0] but has failed to stop it. This is very likely to create a memory leak.
五月 30, 2018 4:37:04 下午 org.apache.catalina.loader.WebappClassLoaderBase clearReferencesThreads
严重: The web application [] appears to have started a thread named [localhost-startStop-1-SendThread(127.0.0.1:2181)] but has failed to stop it. This is very likely to create a memory leak.
五月 30, 2018 4:37:04 下午 org.apache.catalina.loader.WebappClassLoaderBase clearReferencesThreads
严重: The web application [] appears to have started a thread named [localhost-startStop-1-EventThread] but has failed to stop it. This is very likely to create a memory leak.
五月 30, 2018 4:37:04 下午 org.apache.catalina.loader.WebappClassLoaderBase clearReferencesThreads
严重: The web application [] appears to have started a thread named [Curator-Framework-0] but has failed to stop it. This is very likely to create a memory leak.
五月 30, 2018 4:37:04 下午 org.apache.catalina.loader.WebappClassLoaderBase clearReferencesThreads
严重: The web application [/dubbo-admin-2.0.0] appears to have started a thread named [DubboRegistryFailedRetryTimer-thread-1] but has failed to stop it. This is very likely to create a memory leak.
五月 30, 2018 4:37:04 下午 org.apache.catalina.loader.WebappClassLoaderBase clearReferencesThreads
严重: The web application [/dubbo-admin-2.0.0] appears to have started a thread named [Curator-ConnectionStateManager-0] but has failed to stop it. This is very likely to create a memory leak.
五月 30, 2018 4:37:04 下午 org.apache.catalina.loader.WebappClassLoaderBase clearReferencesThreads
严重: The web application [/dubbo-admin-2.0.0] appears to have started a thread named [localhost-startStop-1-SendThread(127.0.0.1:2181)] but has failed to stop it. This is very likely to create a memory leak.
五月 30, 2018 4:37:04 下午 org.apache.catalina.loader.WebappClassLoaderBase clearReferencesThreads
严重: The web application [/dubbo-admin-2.0.0] appears to have started a thread named [localhost-startStop-1-EventThread] but has failed to stop it. This is very likely to create a memory leak.
五月 30, 2018 4:37:04 下午 org.apache.catalina.loader.WebappClassLoaderBase clearReferencesThreads
严重: The web application [/dubbo-admin-2.0.0] appears to have started a thread named [Curator-Framework-0] but has failed to stop it. This is very likely to create a memory leak.
五月 30, 2018 4:37:04 下午 org.apache.coyote.AbstractProtocol stop
信息: Stopping ProtocolHandler ["http-bio-8090"]
五月 30, 2018 4:37:04 下午 org.apache.coyote.AbstractProtocol stop
信息: Stopping ProtocolHandler ["ajp-bio-8009"]
五月 30, 2018 4:37:04 下午 org.apache.coyote.AbstractProtocol destroy
信息: Destroying ProtocolHandler ["http-bio-8090"]
五月 30, 2018 4:37:04 下午 org.apache.coyote.AbstractProtocol destroy
信息: Destroying ProtocolHandler ["ajp-bio-8009"]
五月 30, 2018 4:38:11 下午 org.apache.catalina.core.StandardServer await
信息: A valid shutdown command was received via the shutdown port. Stopping the Server instance.
五月 30, 2018 4:38:11 下午 org.apache.coyote.AbstractProtocol pause
信息: Pausing ProtocolHandler ["http-bio-8080"]
五月 30, 2018 4:38:11 下午 org.apache.coyote.AbstractProtocol pause
信息: Pausing ProtocolHandler ["ajp-bio-8009"]
五月 30, 2018 4:38:11 下午 org.apache.catalina.core.StandardService stopInternal
信息: Stopping service Catalina
五月 30, 2018 4:38:11 下午 org.apache.catalina.loader.WebappClassLoaderBase clearReferencesThreads
严重: The web application [] appears to have started a thread named [DubboRegistryFailedRetryTimer-thread-1] but has failed to stop it. This is very likely to create a memory leak.
五月 30, 2018 4:38:11 下午 org.apache.catalina.loader.WebappClassLoaderBase clearReferencesThreads
严重: The web application [] appears to have started a thread named [Curator-ConnectionStateManager-0] but has failed to stop it. This is very likely to create a memory leak.
五月 30, 2018 4:38:11 下午 org.apache.catalina.loader.WebappClassLoaderBase clearReferencesThreads
严重: The web application [] appears to have started a thread named [localhost-startStop-1-SendThread(127.0.0.1:2181)] but has failed to stop it. This is very likely to create a memory leak.
五月 30, 2018 4:38:11 下午 org.apache.catalina.loader.WebappClassLoaderBase clearReferencesThreads
严重: The web application [] appears to have started a thread named [localhost-startStop-1-EventThread] but has failed to stop it. This is very likely to create a memory leak.
五月 30, 2018 4:38:11 下午 org.apache.catalina.loader.WebappClassLoaderBase clearReferencesThreads
严重: The web application [] appears to have started a thread named [Curator-Framework-0] but has failed to stop it. This is very likely to create a memory leak.
五月 30, 2018 4:38:11 下午 org.apache.catalina.loader.WebappClassLoaderBase clearReferencesThreads
严重: The web application [/dubbo-admin-2.0.0] appears to have started a thread named [DubboRegistryFailedRetryTimer-thread-1] but has failed to stop it. This is very likely to create a memory leak.
五月 30, 2018 4:38:11 下午 org.apache.catalina.loader.WebappClassLoaderBase clearReferencesThreads
严重: The web application [/dubbo-admin-2.0.0] appears to have started a thread named [Curator-ConnectionStateManager-0] but has failed to stop it. This is very likely to create a memory leak.
五月 30, 2018 4:38:11 下午 org.apache.catalina.loader.WebappClassLoaderBase clearReferencesThreads
严重: The web application [/dubbo-admin-2.0.0] appears to have started a thread named [localhost-startStop-2-SendThread(127.0.0.1:2181)] but has failed to stop it. This is very likely to create a memory leak.
五月 30, 2018 4:38:11 下午 org.apache.catalina.loader.WebappClassLoaderBase clearReferencesThreads
严重: The web application [/dubbo-admin-2.0.0] appears to have started a thread named [localhost-startStop-2-EventThread] but has failed to stop it. This is very likely to create a memory leak.
五月 30, 2018 4:38:11 下午 org.apache.catalina.loader.WebappClassLoaderBase clearReferencesThreads
严重: The web application [/dubbo-admin-2.0.0] appears to have started a thread named [Curator-Framework-0] but has failed to stop it. This is very likely to create a memory leak.
五月 30, 2018 4:38:11 下午 org.apache.coyote.AbstractProtocol stop
信息: Stopping ProtocolHandler ["http-bio-8080"]
五月 30, 2018 4:38:11 下午 org.apache.coyote.AbstractProtocol destroy
信息: Destroying ProtocolHandler ["http-bio-8080"]
五月 30, 2018 4:38:11 下午 org.apache.coyote.AbstractProtocol stop
信息: Stopping ProtocolHandler ["ajp-bio-8009"]
五月 30, 2018 4:38:11 下午 org.apache.coyote.AbstractProtocol destroy
信息: Destroying ProtocolHandler ["ajp-bio-8009"]
五月 30, 2018 4:38:14 下午 org.apache.catalina.startup.VersionLoggerListener log
信息: Server version:        Apache Tomcat/7.0.85
五月 30, 2018 4:38:14 下午 org.apache.catalina.startup.VersionLoggerListener log
信息: Server built:          Feb 7 2018 18:52:33 UTC
五月 30, 2018 4:38:14 下午 org.apache.catalina.startup.VersionLoggerListener log
信息: Server number:         7.0.85.0
五月 30, 2018 4:38:14 下午 org.apache.catalina.startup.VersionLoggerListener log
信息: OS Name:               Linux
五月 30, 2018 4:38:14 下午 org.apache.catalina.startup.VersionLoggerListener log
信息: OS Version:            4.10.0-37-generic
五月 30, 2018 4:38:14 下午 org.apache.catalina.startup.VersionLoggerListener log
信息: Architecture:          amd64
五月 30, 2018 4:38:14 下午 org.apache.catalina.startup.VersionLoggerListener log
信息: Java Home:             /usr/lib/jvm/java-8-oracle/jre
五月 30, 2018 4:38:14 下午 org.apache.catalina.startup.VersionLoggerListener log
信息: JVM Version:           1.8.0_161-b12
五月 30, 2018 4:38:14 下午 org.apache.catalina.startup.VersionLoggerListener log
信息: JVM Vendor:            Oracle Corporation
五月 30, 2018 4:38:14 下午 org.apache.catalina.startup.VersionLoggerListener log
信息: CATALINA_BASE:         /home/gfzhujie/zhujie/dubble_project/apache-tomcat-7.0.85
五月 30, 2018 4:38:14 下午 org.apache.catalina.startup.VersionLoggerListener log
信息: CATALINA_HOME:         /home/gfzhujie/zhujie/dubble_project/apache-tomcat-7.0.85
五月 30, 2018 4:38:14 下午 org.apache.catalina.startup.VersionLoggerListener log
信息: Command line argument: -Djava.util.logging.config.file=/home/gfzhujie/zhujie/dubble_project/apache-tomcat-7.0.85/conf/logging.properties
五月 30, 2018 4:38:14 下午 org.apache.catalina.startup.VersionLoggerListener log
信息: Command line argument: -Djava.util.logging.manager=org.apache.juli.ClassLoaderLogManager
五月 30, 2018 4:38:14 下午 org.apache.catalina.startup.VersionLoggerListener log
信息: Command line argument: -Djdk.tls.ephemeralDHKeySize=2048
五月 30, 2018 4:38:14 下午 org.apache.catalina.startup.VersionLoggerListener log
信息: Command line argument: -Dignore.endorsed.dirs=
五月 30, 2018 4:38:14 下午 org.apache.catalina.startup.VersionLoggerListener log
信息: Command line argument: -Dcatalina.base=/home/gfzhujie/zhujie/dubble_project/apache-tomcat-7.0.85
五月 30, 2018 4:38:14 下午 org.apache.catalina.startup.VersionLoggerListener log
信息: Command line argument: -Dcatalina.home=/home/gfzhujie/zhujie/dubble_project/apache-tomcat-7.0.85
五月 30, 2018 4:38:14 下午 org.apache.catalina.startup.VersionLoggerListener log
信息: Command line argument: -Djava.io.tmpdir=/home/gfzhujie/zhujie/dubble_project/apache-tomcat-7.0.85/temp
五月 30, 2018 4:38:14 下午 org.apache.catalina.core.AprLifecycleListener lifecycleEvent
信息: The APR based Apache Tomcat Native library which allows optimal performance in production environments was not found on the java.library.path: /usr/java/packages/lib/amd64:/usr/lib64:/lib64:/lib:/usr/lib
五月 30, 2018 4:38:14 下午 org.apache.coyote.AbstractProtocol init
信息: Initializing ProtocolHandler ["http-bio-8090"]
五月 30, 2018 4:38:14 下午 org.apache.coyote.AbstractProtocol init
信息: Initializing ProtocolHandler ["ajp-bio-8009"]
五月 30, 2018 4:38:14 下午 org.apache.catalina.startup.Catalina load
信息: Initialization processed in 609 ms
五月 30, 2018 4:38:14 下午 org.apache.catalina.core.StandardService startInternal
信息: Starting service Catalina
五月 30, 2018 4:38:14 下午 org.apache.catalina.core.StandardEngine startInternal
信息: Starting Servlet Engine: Apache Tomcat/7.0.85
五月 30, 2018 4:38:14 下午 org.apache.catalina.startup.HostConfig deployWAR
信息: Deploying web application archive /home/zhujie/dubble_project/apache-tomcat-7.0.85/webapps/dubbo-admin-2.0.0.war
五月 30, 2018 4:38:17 下午 org.apache.catalina.startup.TldConfig execute
信息: At least one JAR was scanned for TLDs yet contained no TLDs. Enable debug logging for this logger for a complete list of JARs that were scanned but no TLDs were found in them. Skipping unneeded JARs during scanning can improve startup time and JSP compilation time.
五月 30, 2018 4:38:26 下午 org.apache.catalina.startup.HostConfig deployWAR
信息: Deployment of web application archive /home/zhujie/dubble_project/apache-tomcat-7.0.85/webapps/dubbo-admin-2.0.0.war has finished in 11,647 ms
五月 30, 2018 4:38:26 下午 org.apache.catalina.startup.HostConfig deployDirectory
信息: Deploying web application directory /home/zhujie/dubble_project/apache-tomcat-7.0.85/webapps/docs
五月 30, 2018 4:38:26 下午 org.apache.catalina.startup.HostConfig deployDirectory
信息: Deployment of web application directory /home/zhujie/dubble_project/apache-tomcat-7.0.85/webapps/docs has finished in 37 ms
五月 30, 2018 4:38:26 下午 org.apache.catalina.startup.HostConfig deployDirectory
信息: Deploying web application directory /home/zhujie/dubble_project/apache-tomcat-7.0.85/webapps/host-manager
五月 30, 2018 4:38:26 下午 org.apache.catalina.startup.HostConfig deployDirectory
信息: Deployment of web application directory /home/zhujie/dubble_project/apache-tomcat-7.0.85/webapps/host-manager has finished in 99 ms
五月 30, 2018 4:38:26 下午 org.apache.catalina.startup.HostConfig deployDirectory
信息: Deploying web application directory /home/zhujie/dubble_project/apache-tomcat-7.0.85/webapps/examples
五月 30, 2018 4:38:26 下午 org.apache.catalina.startup.HostConfig deployDirectory
信息: Deployment of web application directory /home/zhujie/dubble_project/apache-tomcat-7.0.85/webapps/examples has finished in 139 ms
五月 30, 2018 4:38:26 下午 org.apache.catalina.startup.HostConfig deployDirectory
信息: Deploying web application directory /home/zhujie/dubble_project/apache-tomcat-7.0.85/webapps/ROOT
五月 30, 2018 4:38:28 下午 org.apache.catalina.startup.TldConfig execute
信息: At least one JAR was scanned for TLDs yet contained no TLDs. Enable debug logging for this logger for a complete list of JARs that were scanned but no TLDs were found in them. Skipping unneeded JARs during scanning can improve startup time and JSP compilation time.
五月 30, 2018 4:38:36 下午 org.apache.catalina.startup.HostConfig deployDirectory
信息: Deployment of web application directory /home/zhujie/dubble_project/apache-tomcat-7.0.85/webapps/ROOT has finished in 9,649 ms
五月 30, 2018 4:38:36 下午 org.apache.catalina.startup.HostConfig deployDirectory
信息: Deploying web application directory /home/zhujie/dubble_project/apache-tomcat-7.0.85/webapps/manager
五月 30, 2018 4:38:36 下午 org.apache.catalina.startup.HostConfig deployDirectory
信息: Deployment of web application directory /home/zhujie/dubble_project/apache-tomcat-7.0.85/webapps/manager has finished in 30 ms
五月 30, 2018 4:38:36 下午 org.apache.coyote.AbstractProtocol start
信息: Starting ProtocolHandler ["http-bio-8090"]
五月 30, 2018 4:38:36 下午 org.apache.coyote.AbstractProtocol start
信息: Starting ProtocolHandler ["ajp-bio-8009"]
五月 30, 2018 4:38:36 下午 org.apache.catalina.startup.Catalina start
信息: Server startup in 21690 ms
